# JRE version: 7.0_13-b20
# Java VM: Java HotSpot(TM) 64-Bit Server VM (23.7-b01 mixed mode windows-amd64 compressed oops)
Heap
 PSYoungGen      total 173248K, used 106293K [0x00000000e00b0000, 0x00000000ec160000, 0x0000000100000000)
  eden space 161152K, 59% used [0x00000000e00b0000,0x00000000e5e55440,0x00000000e9e10000)
  from space 12096K, 85% used [0x00000000e9e10000,0x00000000ea838000,0x00000000ea9e0000)
  to   space 12224K, 0% used [0x00000000eb570000,0x00000000eb570000,0x00000000ec160000)
 ParOldGen       total 949376K, used 928030K [0x00000000a0200000, 0x00000000da120000, 0x00000000e00b0000)
  object space 949376K, 97% used [0x00000000a0200000,0x00000000d8c47b20,0x00000000da120000)
 PSPermGen       total 29760K, used 29338K [0x000000009b000000, 0x000000009cd10000, 0x00000000a0200000)
  object space 29760K, 98% used [0x000000009b000000,0x000000009cca69f0,0x000000009cd10000)
GC Heap History (10 events):
Event: 3291.295 GC heap before
{Heap before GC invocations=5169 (full 36):
 PSYoungGen      total 147968K, used 147968K [0x00000000e00b0000, 0x00000000ea1c0000, 0x0000000100000000)
  eden space 139712K, 100% used [0x00000000e00b0000,0x00000000e8920000,0x00000000e8920000)
  from space 8256K, 100% used [0x00000000e9890000,0x00000000ea0a0000,0x00000000ea0a0000)
  to   space 12608K, 0% used [0x00000000e8920000,0x00000000e8920000,0x00000000e9570000)
 ParOldGen       total 949376K, used 925886K [0x00000000a0200000, 0x00000000da120000, 0x00000000e00b0000)
  object space 949376K, 97% used [0x00000000a0200000,0x00000000d8a2fb20,0x00000000da120000)
 PSPermGen       total 29760K, used 29338K [0x000000009b000000, 0x000000009cd10000, 0x00000000a0200000)
  object space 29760K, 98% used [0x000000009b000000,0x000000009cca69f0,0x000000009cd10000)
Event: 3291.305 GC heap after
Heap after GC invocations=5169 (full 36):
 PSYoungGen      total 152320K, used 7744K [0x00000000e00b0000, 0x00000000eabf0000, 0x0000000100000000)
  eden space 139712K, 0% used [0x00000000e00b0000,0x00000000e00b0000,0x00000000e8920000)
  from space 12608K, 61% used [0x00000000e8920000,0x00000000e90b0000,0x00000000e9570000)
  to   space 12608K, 0% used [0x00000000e9fa0000,0x00000000e9fa0000,0x00000000eabf0000)
 ParOldGen       total 949376K, used 927366K [0x00000000a0200000, 0x00000000da120000, 0x00000000e00b0000)
  object space 949376K, 97% used [0x00000000a0200000,0x00000000d8ba1b20,0x00000000da120000)
 PSPermGen       total 29760K, used 29338K [0x000000009b000000, 0x000000009cd10000, 0x00000000a0200000)
  object space 29760K, 98% used [0x000000009b000000,0x000000009cca69f0,0x000000009cd10000)
}
Event: 3293.984 GC heap before
{Heap before GC invocations=5170 (full 36):
 PSYoungGen      total 152320K, used 147456K [0x00000000e00b0000, 0x00000000eabf0000, 0x0000000100000000)
  eden space 139712K, 100% used [0x00000000e00b0000,0x00000000e8920000,0x00000000e8920000)
  from space 12608K, 61% used [0x00000000e8920000,0x00000000e90b0000,0x00000000e9570000)
  to   space 12608K, 0% used [0x00000000e9fa0000,0x00000000e9fa0000,0x00000000eabf0000)
 ParOldGen       total 949376K, used 927366K [0x00000000a0200000, 0x00000000da120000, 0x00000000e00b0000)
  object space 949376K, 97% used [0x00000000a0200000,0x00000000d8ba1b20,0x00000000da120000)
 PSPermGen       total 29760K, used 29338K [0x000000009b000000, 0x000000009cd10000, 0x00000000a0200000)
  object space 29760K, 98% used [0x000000009b000000,0x000000009cca69f0,0x000000009cd10000)
Event: 3293.994 GC heap after
Heap after GC invocations=5170 (full 36):
 PSYoungGen      total 162240K, used 8608K [0x00000000e00b0000, 0x00000000eab80000, 0x0000000100000000)
  eden space 150080K, 0% used [0x00000000e00b0000,0x00000000e00b0000,0x00000000e9340000)
  from space 12160K, 70% used [0x00000000e9fa0000,0x00000000ea808000,0x00000000eab80000)
  to   space 12416K, 0% used [0x00000000e9340000,0x00000000e9340000,0x00000000e9f60000)
 ParOldGen       total 949376K, used 927366K [0x00000000a0200000, 0x00000000da120000, 0x00000000e00b0000)
  object space 949376K, 97% used [0x00000000a0200000,0x00000000d8ba1b20,0x00000000da120000)
 PSPermGen       total 29760K, used 29338K [0x000000009b000000, 0x000000009cd10000, 0x00000000a0200000)
  object space 29760K, 98% used [0x000000009b000000,0x000000009cca69f0,0x000000009cd10000)
}
Event: 3296.853 GC heap before
{Heap before GC invocations=5171 (full 36):
 PSYoungGen      total 162240K, used 158688K [0x00000000e00b0000, 0x00000000eab80000, 0x0000000100000000)
  eden space 150080K, 100% used [0x00000000e00b0000,0x00000000e9340000,0x00000000e9340000)
  from space 12160K, 70% used [0x00000000e9fa0000,0x00000000ea808000,0x00000000eab80000)
  to   space 12416K, 0% used [0x00000000e9340000,0x00000000e9340000,0x00000000e9f60000)
 ParOldGen       total 949376K, used 927366K [0x00000000a0200000, 0x00000000da120000, 0x00000000e00b0000)
  object space 949376K, 97% used [0x00000000a0200000,0x00000000d8ba1b20,0x00000000da120000)
 PSPermGen       total 29760K, used 29338K [0x000000009b000000, 0x000000009cd10000, 0x00000000a0200000)
  object space 29760K, 98% used [0x000000009b000000,0x000000009cca69f0,0x000000009cd10000)
Event: 3296.863 GC heap after
Heap after GC invocations=5171 (full 36):
 PSYoungGen      total 162496K, used 8960K [0x00000000e00b0000, 0x00000000eb5d0000, 0x0000000100000000)
  eden space 150080K, 0% used [0x00000000e00b0000,0x00000000e00b0000,0x00000000e9340000)
  from space 12416K, 72% used [0x00000000e9340000,0x00000000e9c00000,0x00000000e9f60000)
  to   space 12224K, 0% used [0x00000000ea9e0000,0x00000000ea9e0000,0x00000000eb5d0000)
 ParOldGen       total 949376K, used 927774K [0x00000000a0200000, 0x00000000da120000, 0x00000000e00b0000)
  object space 949376K, 97% used [0x00000000a0200000,0x00000000d8c07b20,0x00000000da120000)
 PSPermGen       total 29760K, used 29338K [0x000000009b000000, 0x000000009cd10000, 0x00000000a0200000)
  object space 29760K, 98% used [0x000000009b000000,0x000000009cca69f0,0x000000009cd10000)
}
Event: 3299.770 GC heap before
{Heap before GC invocations=5172 (full 36):
 PSYoungGen      total 162496K, used 159040K [0x00000000e00b0000, 0x00000000eb5d0000, 0x0000000100000000)
  eden space 150080K, 100% used [0x00000000e00b0000,0x00000000e9340000,0x00000000e9340000)
  from space 12416K, 72% used [0x00000000e9340000,0x00000000e9c00000,0x00000000e9f60000)
  to   space 12224K, 0% used [0x00000000ea9e0000,0x00000000ea9e0000,0x00000000eb5d0000)
 ParOldGen       total 949376K, used 927774K [0x00000000a0200000, 0x00000000da120000, 0x00000000e00b0000)
  object space 949376K, 97% used [0x00000000a0200000,0x00000000d8c07b20,0x00000000da120000)
 PSPermGen       total 29760K, used 29338K [0x000000009b000000, 0x000000009cd10000, 0x00000000a0200000)
  object space 29760K, 98% used [0x000000009b000000,0x000000009cca69f0,0x000000009cd10000)
Event: 3299.782 GC heap after
Heap after GC invocations=5172 (full 36):
 PSYoungGen      total 173248K, used 9728K [0x00000000e00b0000, 0x00000000eb5b0000, 0x0000000100000000)
  eden space 161152K, 0% used [0x00000000e00b0000,0x00000000e00b0000,0x00000000e9e10000)
  from space 12096K, 80% used [0x00000000ea9e0000,0x00000000eb360000,0x00000000eb5b0000)
  to   space 12096K, 0% used [0x00000000e9e10000,0x00000000e9e10000,0x00000000ea9e0000)
 ParOldGen       total 949376K, used 927894K [0x00000000a0200000, 0x00000000da120000, 0x00000000e00b0000)
  object space 949376K, 97% used [0x00000000a0200000,0x00000000d8c25b20,0x00000000da120000)
 PSPermGen       total 29760K, used 29338K [0x000000009b000000, 0x000000009cd10000, 0x00000000a0200000)
  object space 29760K, 98% used [0x000000009b000000,0x000000009cca69f0,0x000000009cd10000)
}
Event: 3302.888 GC heap before
{Heap before GC invocations=5173 (full 36):
 PSYoungGen      total 173248K, used 170880K [0x00000000e00b0000, 0x00000000eb5b0000, 0x0000000100000000)
  eden space 161152K, 100% used [0x00000000e00b0000,0x00000000e9e10000,0x00000000e9e10000)
  from space 12096K, 80% used [0x00000000ea9e0000,0x00000000eb360000,0x00000000eb5b0000)
  to   space 12096K, 0% used [0x00000000e9e10000,0x00000000e9e10000,0x00000000ea9e0000)
 ParOldGen       total 949376K, used 927894K [0x00000000a0200000, 0x00000000da120000, 0x00000000e00b0000)
  object space 949376K, 97% used [0x00000000a0200000,0x00000000d8c25b20,0x00000000da120000)
 PSPermGen       total 29760K, used 29338K [0x000000009b000000, 0x000000009cd10000, 0x00000000a0200000)
  object space 29760K, 98% used [0x000000009b000000,0x000000009cca69f0,0x000000009cd10000)
Event: 3302.899 GC heap after
Heap after GC invocations=5173 (full 36):
 PSYoungGen      total 173248K, used 10400K [0x00000000e00b0000, 0x00000000ec160000, 0x0000000100000000)
  eden space 161152K, 0% used [0x00000000e00b0000,0x00000000e00b0000,0x00000000e9e10000)
  from space 12096K, 85% used [0x00000000e9e10000,0x00000000ea838000,0x00000000ea9e0000)
  to   space 12224K, 0% used [0x00000000eb570000,0x00000000eb570000,0x00000000ec160000)
 ParOldGen       total 949376K, used 928030K [0x00000000a0200000, 0x00000000da120000, 0x00000000e00b0000)
  object space 949376K, 97% used [0x00000000a0200000,0x00000000d8c47b20,0x00000000da120000)
 PSPermGen       total 29760K, used 29338K [0x000000009b000000, 0x000000009cd10000, 0x00000000a0200000)
  object space 29760K, 98% used [0x000000009b000000,0x000000009cca69f0,0x000000009cd10000)
}

